<?xml version="1.0" encoding="UTF-8"?>
<testng-results ignored="0" total="6" passed="5" failed="1" skipped="0">
  <reporter-output>
  </reporter-output>
  <suite started-at="2023-12-29T19:22:16 IST" name="Suite" finished-at="2023-12-29T19:22:53 IST" duration-ms="37458">
    <groups>
    </groups>
    <test started-at="2023-12-29T19:22:16 IST" name="Test" finished-at="2023-12-29T19:22:21 IST" duration-ms="5747">
      <class name="com.Execution.LoginTest">
        <test-method is-config="true" signature="launchURL()[pri:0, instance:com.Execution.LoginTest@6cb107fd]" started-at="2023-12-29T19:22:16 IST" name="launchURL" finished-at="2023-12-29T19:22:19 IST" duration-ms="3647" status="PASS">
          <reporter-output>
          </reporter-output>
        </test-method> <!-- launchURL -->
        <test-method signature="logging()[pri:0, instance:com.Execution.LoginTest@6cb107fd]" started-at="2023-12-29T19:22:19 IST" name="logging" finished-at="2023-12-29T19:22:21 IST" duration-ms="2050" status="PASS">
          <reporter-output>
          </reporter-output>
        </test-method> <!-- logging -->
        <test-method is-config="true" signature="name()[pri:0, instance:com.Execution.LoginTest@6cb107fd]" started-at="2023-12-29T19:22:21 IST" name="name" finished-at="2023-12-29T19:22:21 IST" duration-ms="2" status="PASS">
          <reporter-output>
          </reporter-output>
        </test-method> <!-- name -->
      </class> <!-- com.Execution.LoginTest -->
    </test> <!-- Test -->
    <test started-at="2023-12-29T19:22:21 IST" name="Test1" finished-at="2023-12-29T19:22:24 IST" duration-ms="2197">
      <class name="com.Execution.Setting_TypeOfRoomsTest">
        <test-method is-config="true" signature="beforeMethods()[pri:0, instance:com.Execution.Setting_TypeOfRoomsTest@387a8303]" started-at="2023-12-29T19:22:21 IST" name="beforeMethods" finished-at="2023-12-29T19:22:21 IST" duration-ms="1" status="PASS">
          <reporter-output>
          </reporter-output>
        </test-method> <!-- beforeMethods -->
        <test-method is-config="true" signature="main()[pri:0, instance:com.Execution.Setting_TypeOfRoomsTest@387a8303]" started-at="2023-12-29T19:22:21 IST" name="main" finished-at="2023-12-29T19:22:22 IST" duration-ms="960" status="PASS">
          <reporter-output>
          </reporter-output>
        </test-method> <!-- main -->
        <test-method signature="addRoomDetails()[pri:0, instance:com.Execution.Setting_TypeOfRoomsTest@387a8303]" started-at="2023-12-29T19:22:22 IST" name="addRoomDetails" finished-at="2023-12-29T19:22:24 IST" duration-ms="1230" status="PASS">
          <reporter-output>
          </reporter-output>
        </test-method> <!-- addRoomDetails -->
      </class> <!-- com.Execution.Setting_TypeOfRoomsTest -->
    </test> <!-- Test1 -->
    <test started-at="2023-12-29T19:22:24 IST" name="Test2" finished-at="2023-12-29T19:22:32 IST" duration-ms="8063">
      <class name="com.Execution.Setting_TypeOfRoomsTest">
        <test-method is-config="true" signature="beforeMethods()[pri:0, instance:com.Execution.Setting_TypeOfRoomsTest@4dc27487]" started-at="2023-12-29T19:22:24 IST" name="beforeMethods" finished-at="2023-12-29T19:22:24 IST" duration-ms="0" status="PASS">
          <reporter-output>
          </reporter-output>
        </test-method> <!-- beforeMethods -->
        <test-method is-config="true" signature="main()[pri:0, instance:com.Execution.Setting_TypeOfRoomsTest@4dc27487]" started-at="2023-12-29T19:22:24 IST" name="main" finished-at="2023-12-29T19:22:24 IST" duration-ms="811" status="PASS">
          <reporter-output>
          </reporter-output>
        </test-method> <!-- main -->
        <test-method signature="editRoom()[pri:0, instance:com.Execution.Setting_TypeOfRoomsTest@4dc27487]" started-at="2023-12-29T19:22:24 IST" name="editRoom" finished-at="2023-12-29T19:22:32 IST" duration-ms="7249" status="PASS">
          <reporter-output>
          </reporter-output>
        </test-method> <!-- editRoom -->
      </class> <!-- com.Execution.Setting_TypeOfRoomsTest -->
    </test> <!-- Test2 -->
    <test started-at="2023-12-29T19:22:32 IST" name="Test3" finished-at="2023-12-29T19:22:40 IST" duration-ms="7826">
      <class name="com.Execution.Setting_TypeOfRoomsTest">
        <test-method is-config="true" signature="main()[pri:0, instance:com.Execution.Setting_TypeOfRoomsTest@7bbc8656]" started-at="2023-12-29T19:22:32 IST" name="main" finished-at="2023-12-29T19:22:33 IST" duration-ms="942" status="PASS">
          <reporter-output>
          </reporter-output>
        </test-method> <!-- main -->
        <test-method is-config="true" signature="beforeMethods()[pri:0, instance:com.Execution.Setting_TypeOfRoomsTest@7bbc8656]" started-at="2023-12-29T19:22:32 IST" name="beforeMethods" finished-at="2023-12-29T19:22:32 IST" duration-ms="0" status="PASS">
          <reporter-output>
          </reporter-output>
        </test-method> <!-- beforeMethods -->
        <test-method signature="deleteRoom()[pri:0, instance:com.Execution.Setting_TypeOfRoomsTest@7bbc8656]" started-at="2023-12-29T19:22:33 IST" name="deleteRoom" finished-at="2023-12-29T19:22:40 IST" duration-ms="6877" status="PASS">
          <reporter-output>
          </reporter-output>
        </test-method> <!-- deleteRoom -->
      </class> <!-- com.Execution.Setting_TypeOfRoomsTest -->
    </test> <!-- Test3 -->
    <test started-at="2023-12-29T19:22:40 IST" name="Test4" finished-at="2023-12-29T19:22:46 IST" duration-ms="5978">
      <class name="com.Execution.Setting_TypeOfRoomsTest">
        <test-method is-config="true" signature="main()[pri:0, instance:com.Execution.Setting_TypeOfRoomsTest@626abbd0]" started-at="2023-12-29T19:22:40 IST" name="main" finished-at="2023-12-29T19:22:41 IST" duration-ms="950" status="PASS">
          <reporter-output>
          </reporter-output>
        </test-method> <!-- main -->
        <test-method is-config="true" signature="beforeMethods()[pri:0, instance:com.Execution.Setting_TypeOfRoomsTest@626abbd0]" started-at="2023-12-29T19:22:40 IST" name="beforeMethods" finished-at="2023-12-29T19:22:40 IST" duration-ms="0" status="PASS">
          <reporter-output>
          </reporter-output>
        </test-method> <!-- beforeMethods -->
        <test-method signature="roomTypeStatus()[pri:0, instance:com.Execution.Setting_TypeOfRoomsTest@626abbd0]" started-at="2023-12-29T19:22:41 IST" name="roomTypeStatus" finished-at="2023-12-29T19:22:46 IST" duration-ms="5024" status="PASS">
          <reporter-output>
          </reporter-output>
        </test-method> <!-- roomTypeStatus -->
      </class> <!-- com.Execution.Setting_TypeOfRoomsTest -->
    </test> <!-- Test4 -->
    <test started-at="2023-12-29T19:22:46 IST" name="Test5" finished-at="2023-12-29T19:22:53 IST" duration-ms="7586">
      <class name="com.Execution.Setting_TypeOfRoomsTest">
        <test-method is-config="true" signature="beforeMethods()[pri:0, instance:com.Execution.Setting_TypeOfRoomsTest@46d59067]" started-at="2023-12-29T19:22:46 IST" name="beforeMethods" finished-at="2023-12-29T19:22:46 IST" duration-ms="0" status="PASS">
          <reporter-output>
          </reporter-output>
        </test-method> <!-- beforeMethods -->
        <test-method is-config="true" signature="main()[pri:0, instance:com.Execution.Setting_TypeOfRoomsTest@46d59067]" started-at="2023-12-29T19:22:46 IST" name="main" finished-at="2023-12-29T19:22:46 IST" duration-ms="954" status="PASS">
          <reporter-output>
          </reporter-output>
        </test-method> <!-- main -->
        <test-method signature="searchData()[pri:0, instance:com.Execution.Setting_TypeOfRoomsTest@46d59067]" started-at="2023-12-29T19:22:46 IST" name="searchData" finished-at="2023-12-29T19:22:53 IST" duration-ms="6626" status="FAIL">
          <exception class="java.lang.AssertionError">
            <message>
              <![CDATA[your searching roomtype is not avilabe expected [delux] but found [deluxe]]]>
            </message>
            <full-stacktrace>
              <![CDATA[java.lang.AssertionError: your searching roomtype is not avilabe expected [delux] but found [deluxe]
at org.testng.Assert.fail(Assert.java:111)
at org.testng.Assert.failNotEquals(Assert.java:1578)
at org.testng.Assert.assertEqualsImpl(Assert.java:150)
at org.testng.Assert.assertEquals(Assert.java:132)
at org.testng.Assert.assertEquals(Assert.java:656)
at com.Execution.Setting_TypeOfRoomsTest.searchData(Setting_TypeOfRoomsTest.java:67)
at java.base/jdk.internal.reflect.NativeMethodAccessorImpl.invoke0(Native Method)
at java.base/jdk.internal.reflect.NativeMethodAccessorImpl.invoke(NativeMethodAccessorImpl.java:77)
at java.base/jdk.internal.reflect.DelegatingMethodAccessorImpl.invoke(DelegatingMethodAccessorImpl.java:43)
at java.base/java.lang.reflect.Method.invoke(Method.java:568)
at org.testng.internal.invokers.MethodInvocationHelper.invokeMethod(MethodInvocationHelper.java:139)
at org.testng.internal.invokers.TestInvoker.invokeMethod(TestInvoker.java:664)
at org.testng.internal.invokers.TestInvoker.invokeTestMethod(TestInvoker.java:227)
at org.testng.internal.invokers.MethodRunner.runInSequence(MethodRunner.java:50)
at org.testng.internal.invokers.TestInvoker$MethodInvocationAgent.invoke(TestInvoker.java:957)
at org.testng.internal.invokers.TestInvoker.invokeTestMethods(TestInvoker.java:200)
at org.testng.internal.invokers.TestMethodWorker.invokeTestMethods(TestMethodWorker.java:148)
at org.testng.internal.invokers.TestMethodWorker.run(TestMethodWorker.java:128)
at java.base/java.util.ArrayList.forEach(ArrayList.java:1511)
at org.testng.TestRunner.privateRun(TestRunner.java:848)
at org.testng.TestRunner.run(TestRunner.java:621)
at org.testng.SuiteRunner.runTest(SuiteRunner.java:443)
at org.testng.SuiteRunner.runSequentially(SuiteRunner.java:437)
at org.testng.SuiteRunner.privateRun(SuiteRunner.java:397)
at org.testng.SuiteRunner.run(SuiteRunner.java:336)
at org.testng.SuiteRunnerWorker.runSuite(SuiteRunnerWorker.java:52)
at org.testng.SuiteRunnerWorker.run(SuiteRunnerWorker.java:95)
at org.testng.TestNG.runSuitesSequentially(TestNG.java:1280)
at org.testng.TestNG.runSuitesLocally(TestNG.java:1200)
at org.testng.TestNG.runSuites(TestNG.java:1114)
at org.testng.TestNG.run(TestNG.java:1082)
at org.testng.remote.AbstractRemoteTestNG.run(AbstractRemoteTestNG.java:115)
at org.testng.remote.RemoteTestNG.initAndRun(RemoteTestNG.java:251)
at org.testng.remote.RemoteTestNG.main(RemoteTestNG.java:77)
]]>
            </full-stacktrace>
          </exception> <!-- java.lang.AssertionError -->
          <reporter-output>
          </reporter-output>
        </test-method> <!-- searchData -->
      </class> <!-- com.Execution.Setting_TypeOfRoomsTest -->
    </test> <!-- Test5 -->
  </suite> <!-- Suite -->
</testng-results>
